2024-04-26 22:25:49,295 [INFO] Activator:177 - 


2024-04-26 22:25:49,297 [INFO] Activator:178 - !SESSION log4j initialized
2024-04-26 22:25:52,123 [ERROR] LogOutputStream:74 - [STDERR_REDIRECT] 
2024-04-26 22:26:08,401 [INFO] McuFinderGlobals:39 - Set McuFinder mode to 2 (CubeIDE integrated)
2024-04-26 22:26:08,508 [INFO] ApplicationProperties:181 - Using Application install path: /Applications/STM32CubeIDE.app/Contents/Eclipse/plugins/com.st.stm32cube.common.mx_6.3.0.202107141111
2024-04-26 22:26:08,516 [INFO] DbMcusXml:74 - Set database path to: /Applications/STM32CubeIDE.app/Contents/Eclipse/plugins/com.st.stm32cube.common.mx_6.3.0.202107141111//db//mcu/
2024-04-26 22:26:08,518 [INFO] DbBoardsPdsc:56 - Set plugin database path to: /Applications/STM32CubeIDE.app/Contents/Eclipse/plugins/com.st.stm32cube.common.mx_6.3.0.202107141111//db//plugins/boardmanager/
2024-04-26 22:26:08,519 [INFO] DbMcus:258 - Set plugin images path to: /Applications/STM32CubeIDE.app/Contents/Eclipse/plugins/com.st.stm32cube.common.mx_6.3.0.202107141111//db//plugins/mcufinder/images/
2024-04-26 22:26:08,519 [INFO] DbBoards:264 - Set plugin images path to: /Applications/STM32CubeIDE.app/Contents/Eclipse/plugins/com.st.stm32cube.common.mx_6.3.0.202107141111//db//plugins/mcufinder/images/
2024-04-26 22:26:08,522 [INFO] DbExamples:333 - Set plugin images path to: /Applications/STM32CubeIDE.app/Contents/Eclipse/plugins/com.st.stm32cube.common.mx_6.3.0.202107141111//db//plugins/mcufinder/images/
2024-04-26 22:26:08,526 [INFO] DbMcusAds:119 - Set database path to: /Users/johnmundahl/.stmcufinder/plugins/mcufinder//mcu/
2024-04-26 22:26:08,527 [INFO] DbMcusDocs:110 - Set database path to: /Users/johnmundahl/.stmcufinder/plugins/mcufinder//mcu/
2024-04-26 22:26:08,528 [INFO] DbMcusJson:64 - Set database path to: /Users/johnmundahl/.stmcufinder/plugins/mcufinder//mcu/
2024-04-26 22:26:08,528 [INFO] DbBoardsDocs:110 - Set database path to: /Users/johnmundahl/.stmcufinder/plugins/mcufinder//mcu/
2024-04-26 22:26:08,529 [INFO] DbBoardsJson:57 - Set database path to: /Users/johnmundahl/.stmcufinder/plugins/mcufinder//mcu/
2024-04-26 22:26:08,532 [INFO] CrossReferenceDbSqlite:196 - Set database path to: /Users/johnmundahl/.stmcufinder/plugins/mcufinder//mcu/cs/
2024-04-26 22:26:08,534 [INFO] DbExamplesSqlite:767 - Set database path to: /Users/johnmundahl/.stmcufinder/plugins/mcufinder//mcu/
2024-04-26 22:26:08,653 [INFO] RulesReader:57 - Compatibility file has been processed (242 Rules)
2024-04-26 22:26:08,732 [INFO] DbMcusXml:74 - Set database path to: /Applications/STM32CubeIDE.app/Contents/Eclipse/plugins/com.st.stm32cube.common.mx_6.3.0.202107141111//db//mcu/
2024-04-26 22:26:08,734 [INFO] DbBoardsPdsc:56 - Set plugin database path to: /Applications/STM32CubeIDE.app/Contents/Eclipse/plugins/com.st.stm32cube.common.mx_6.3.0.202107141111//db//plugins/boardmanager/
2024-04-26 22:26:08,734 [INFO] DbMcus:258 - Set plugin images path to: /Applications/STM32CubeIDE.app/Contents/Eclipse/plugins/com.st.stm32cube.common.mx_6.3.0.202107141111//db//plugins/mcufinder/images/
2024-04-26 22:26:08,734 [INFO] DbBoards:264 - Set plugin images path to: /Applications/STM32CubeIDE.app/Contents/Eclipse/plugins/com.st.stm32cube.common.mx_6.3.0.202107141111//db//plugins/mcufinder/images/
2024-04-26 22:26:08,734 [INFO] DbExamples:333 - Set plugin images path to: /Applications/STM32CubeIDE.app/Contents/Eclipse/plugins/com.st.stm32cube.common.mx_6.3.0.202107141111//db//plugins/mcufinder/images/
2024-04-26 22:26:08,734 [WARN] DbFile:35 - Overriding database path with different value: /Users/johnmundahl/.stmcufinder/plugins/mcufinder/ => /Users/johnmundahl/.stmcufinder/plugins/mcufinder
2024-04-26 22:26:08,734 [INFO] DbMcusAds:119 - Set database path to: /Users/johnmundahl/.stmcufinder/plugins/mcufinder//mcu/
2024-04-26 22:26:08,735 [WARN] DbFile:35 - Overriding database path with different value: /Users/johnmundahl/.stmcufinder/plugins/mcufinder/ => /Users/johnmundahl/.stmcufinder/plugins/mcufinder
2024-04-26 22:26:08,735 [INFO] DbMcusDocs:110 - Set database path to: /Users/johnmundahl/.stmcufinder/plugins/mcufinder//mcu/
2024-04-26 22:26:08,735 [WARN] DbFile:35 - Overriding database path with different value: /Users/johnmundahl/.stmcufinder/plugins/mcufinder/ => /Users/johnmundahl/.stmcufinder/plugins/mcufinder
2024-04-26 22:26:08,735 [INFO] DbMcusJson:64 - Set database path to: /Users/johnmundahl/.stmcufinder/plugins/mcufinder//mcu/
2024-04-26 22:26:08,735 [WARN] DbFile:35 - Overriding database path with different value: /Users/johnmundahl/.stmcufinder/plugins/mcufinder/ => /Users/johnmundahl/.stmcufinder/plugins/mcufinder
2024-04-26 22:26:08,736 [INFO] DbBoardsDocs:110 - Set database path to: /Users/johnmundahl/.stmcufinder/plugins/mcufinder//mcu/
2024-04-26 22:26:08,736 [WARN] DbFile:35 - Overriding database path with different value: /Users/johnmundahl/.stmcufinder/plugins/mcufinder/ => /Users/johnmundahl/.stmcufinder/plugins/mcufinder
2024-04-26 22:26:08,736 [INFO] DbBoardsJson:57 - Set database path to: /Users/johnmundahl/.stmcufinder/plugins/mcufinder//mcu/
2024-04-26 22:26:08,736 [WARN] DbFile:35 - Overriding database path with different value: /Users/johnmundahl/.stmcufinder/plugins/mcufinder/ => /Users/johnmundahl/.stmcufinder/plugins/mcufinder
2024-04-26 22:26:08,736 [WARN] DbFile:35 - Overriding database path with different value: /Users/johnmundahl/.stmcufinder/plugins/mcufinder/ => /Users/johnmundahl/.stmcufinder/plugins/mcufinder
2024-04-26 22:26:08,736 [INFO] CrossReferenceDbSqlite:196 - Set database path to: /Users/johnmundahl/.stmcufinder/plugins/mcufinder//mcu/cs/
2024-04-26 22:26:08,736 [WARN] DbFile:35 - Overriding database path with different value: /Users/johnmundahl/.stmcufinder/plugins/mcufinder/ => /Users/johnmundahl/.stmcufinder/plugins/mcufinder
2024-04-26 22:26:08,736 [INFO] DbExamplesSqlite:767 - Set database path to: /Users/johnmundahl/.stmcufinder/plugins/mcufinder//mcu/
2024-04-26 22:26:08,803 [INFO] MainPanel:214 - HeapMemory: 268435456
2024-04-26 22:26:08,888 [INFO] DbMcusXml:74 - Set database path to: /Applications/STM32CubeIDE.app/Contents/Eclipse/plugins/com.st.stm32cube.common.mx_6.3.0.202107141111//db//mcu/
2024-04-26 22:26:08,889 [INFO] DbBoardsPdsc:56 - Set plugin database path to: /Applications/STM32CubeIDE.app/Contents/Eclipse/plugins/com.st.stm32cube.common.mx_6.3.0.202107141111//db//plugins/boardmanager/
2024-04-26 22:26:08,889 [INFO] DbMcus:258 - Set plugin images path to: /Applications/STM32CubeIDE.app/Contents/Eclipse/plugins/com.st.stm32cube.common.mx_6.3.0.202107141111//db//plugins/mcufinder/images/
2024-04-26 22:26:08,890 [INFO] DbBoards:264 - Set plugin images path to: /Applications/STM32CubeIDE.app/Contents/Eclipse/plugins/com.st.stm32cube.common.mx_6.3.0.202107141111//db//plugins/mcufinder/images/
2024-04-26 22:26:08,890 [INFO] DbExamples:333 - Set plugin images path to: /Applications/STM32CubeIDE.app/Contents/Eclipse/plugins/com.st.stm32cube.common.mx_6.3.0.202107141111//db//plugins/mcufinder/images/
2024-04-26 22:26:08,890 [WARN] DbFile:35 - Overriding database path with different value: /Users/johnmundahl/.stmcufinder/plugins/mcufinder/ => /Users/johnmundahl/.stmcufinder/plugins/mcufinder
2024-04-26 22:26:08,890 [INFO] DbMcusAds:119 - Set database path to: /Users/johnmundahl/.stmcufinder/plugins/mcufinder//mcu/
2024-04-26 22:26:08,890 [WARN] DbFile:35 - Overriding database path with different value: /Users/johnmundahl/.stmcufinder/plugins/mcufinder/ => /Users/johnmundahl/.stmcufinder/plugins/mcufinder
2024-04-26 22:26:08,890 [INFO] DbMcusDocs:110 - Set database path to: /Users/johnmundahl/.stmcufinder/plugins/mcufinder//mcu/
2024-04-26 22:26:08,890 [WARN] DbFile:35 - Overriding database path with different value: /Users/johnmundahl/.stmcufinder/plugins/mcufinder/ => /Users/johnmundahl/.stmcufinder/plugins/mcufinder
2024-04-26 22:26:08,890 [INFO] DbMcusJson:64 - Set database path to: /Users/johnmundahl/.stmcufinder/plugins/mcufinder//mcu/
2024-04-26 22:26:08,890 [WARN] DbFile:35 - Overriding database path with different value: /Users/johnmundahl/.stmcufinder/plugins/mcufinder/ => /Users/johnmundahl/.stmcufinder/plugins/mcufinder
2024-04-26 22:26:08,891 [INFO] DbBoardsDocs:110 - Set database path to: /Users/johnmundahl/.stmcufinder/plugins/mcufinder//mcu/
2024-04-26 22:26:08,891 [WARN] DbFile:35 - Overriding database path with different value: /Users/johnmundahl/.stmcufinder/plugins/mcufinder/ => /Users/johnmundahl/.stmcufinder/plugins/mcufinder
2024-04-26 22:26:08,891 [INFO] DbBoardsJson:57 - Set database path to: /Users/johnmundahl/.stmcufinder/plugins/mcufinder//mcu/
2024-04-26 22:26:08,891 [WARN] DbFile:35 - Overriding database path with different value: /Users/johnmundahl/.stmcufinder/plugins/mcufinder/ => /Users/johnmundahl/.stmcufinder/plugins/mcufinder
2024-04-26 22:26:08,891 [WARN] DbFile:35 - Overriding database path with different value: /Users/johnmundahl/.stmcufinder/plugins/mcufinder/ => /Users/johnmundahl/.stmcufinder/plugins/mcufinder
2024-04-26 22:26:08,891 [INFO] CrossReferenceDbSqlite:196 - Set database path to: /Users/johnmundahl/.stmcufinder/plugins/mcufinder//mcu/cs/
2024-04-26 22:26:08,891 [WARN] DbFile:35 - Overriding database path with different value: /Users/johnmundahl/.stmcufinder/plugins/mcufinder/ => /Users/johnmundahl/.stmcufinder/plugins/mcufinder
2024-04-26 22:26:08,891 [INFO] DbExamplesSqlite:767 - Set database path to: /Users/johnmundahl/.stmcufinder/plugins/mcufinder//mcu/
2024-04-26 22:26:08,912 [INFO] ApplicationProperties:181 - Using Application install path: /Applications/STM32CubeIDE.app/Contents/Eclipse/plugins/com.st.stm32cube.common.mx_6.3.0.202107141111
2024-04-26 22:26:08,916 [INFO] PluginManage:188 - Search for loadable plugins [exclusion list=, ]
2024-04-26 22:26:08,919 [INFO] PluginManage:302 - Check plugin analytics
2024-04-26 22:26:09,091 [INFO] AnalyticsPlugin:257 - Accepted Software Licenses: 
2024-04-26 22:26:09,092 [INFO] AnalyticsPlugin:259 - Accepted CMSIS Pack Licenses: 
2024-04-26 22:26:09,093 [INFO] AnalyticsPlugin:261 - Accepted Firmware Licenses: FW.F7.1.17.0
2024-04-26 22:26:09,094 [INFO] PluginManage:352 - Loaded plugin analytics (category:tool,tabindex:-1)
2024-04-26 22:26:09,095 [INFO] PluginManage:302 - Check plugin clock
2024-04-26 22:26:09,124 [INFO] PluginManage:352 - Loaded plugin clock (category:base,tabindex:2)
2024-04-26 22:26:09,124 [INFO] PluginManage:302 - Check plugin ddr
2024-04-26 22:26:09,127 [INFO] PluginManage:352 - Loaded plugin ddr (category:tool,tabindex:6)
2024-04-26 22:26:09,127 [INFO] PluginManage:302 - Check plugin filemanager
2024-04-26 22:26:09,255 [INFO] PluginManage:352 - Loaded plugin filemanager (category:base,tabindex:10)
2024-04-26 22:26:09,255 [INFO] PluginManage:302 - Check plugin ipmanager
2024-04-26 22:26:09,264 [INFO] PluginManage:352 - Loaded plugin ipmanager (category:base,tabindex:5)
2024-04-26 22:26:09,264 [INFO] PluginManage:302 - Check plugin pinoutandconfiguration
2024-04-26 22:26:09,270 [INFO] PluginManage:352 - Loaded plugin pinoutandconfiguration (category:base,tabindex:1)
2024-04-26 22:26:09,271 [INFO] PluginManage:302 - Check plugin pinoutconfig
2024-04-26 22:26:09,298 [INFO] PluginManage:352 - Loaded plugin pinoutconfig (category:base,tabindex:0)
2024-04-26 22:26:09,299 [INFO] PluginManage:302 - Check plugin power
2024-04-26 22:26:09,310 [INFO] PluginManage:352 - Loaded plugin power (category:power,tabindex:4)
2024-04-26 22:26:09,310 [INFO] PluginManage:302 - Check plugin projectmanager
2024-04-26 22:26:09,331 [INFO] PluginManage:352 - Loaded plugin projectmanager (category:projectmanager,tabindex:3)
2024-04-26 22:26:09,331 [INFO] PluginManage:302 - Check plugin thirdparty
2024-04-26 22:26:09,490 [WARN] IntegrityCheckThread:78 - waiting for thirdparty lock release [integrity check]
2024-04-26 22:26:09,491 [INFO] PluginManage:352 - Loaded plugin thirdparty (category:base,tabindex:-1)
2024-04-26 22:26:09,543 [INFO] IntegrityCheckThread:80 - entering critical section [integrity check]
2024-04-26 22:26:09,551 [INFO] PluginManage:302 - Check plugin tools
2024-04-26 22:26:09,556 [INFO] ThirdPartyUpdaterWithRetryManager:66 - Updater plugin not ready yet. [1/15]
2024-04-26 22:26:09,563 [INFO] PluginManage:352 - Loaded plugin tools (category:base,tabindex:7)
2024-04-26 22:26:09,564 [INFO] PluginManage:302 - Check plugin tutovideos
2024-04-26 22:26:09,804 [INFO] PluginManage:352 - Loaded plugin tutovideos (category:base,tabindex:-1)
2024-04-26 22:26:09,806 [INFO] PluginManage:302 - Check plugin updater
2024-04-26 22:26:09,824 [INFO] PluginManage:352 - Loaded plugin updater (category:base,tabindex:12)
2024-04-26 22:26:09,827 [INFO] PluginManage:275 - PluginManage : Loaded plugins [13]
2024-04-26 22:26:10,518 [ERROR] LogOutputStream:74 - [STDERR_REDIRECT] Warning: the fonts "Times" and "Times" are not available for the Java logical font "Serif", which may have unexpected appearance or behavior. Re-enable the "Times" font to remove this warning.
2024-04-26 22:26:10,591 [INFO] PinOutPanel:1463 - setPackage(No Configuration,No Configuration)
2024-04-26 22:26:10,664 [INFO] IPUIPlugin:74 - create IPUIPlugin
2024-04-26 22:26:10,665 [INFO] PluginManager:213 - loadIPPluginJar : add mdma
2024-04-26 22:26:10,670 [INFO] IPUIPlugin:74 - create IPUIPlugin
2024-04-26 22:26:10,671 [INFO] PluginManager:213 - loadIPPluginJar : add freertos
2024-04-26 22:26:10,681 [INFO] IPUIPlugin:74 - create IPUIPlugin
2024-04-26 22:26:10,681 [INFO] PluginManager:213 - loadIPPluginJar : add gic
2024-04-26 22:26:10,688 [INFO] IPUIPlugin:74 - create IPUIPlugin
2024-04-26 22:26:10,688 [INFO] PluginManager:213 - loadIPPluginJar : add adc
2024-04-26 22:26:10,690 [INFO] IPUIPlugin:74 - create IPUIPlugin
2024-04-26 22:26:10,690 [INFO] PluginManager:213 - loadIPPluginJar : add gtzc
2024-04-26 22:26:10,692 [INFO] IPUIPlugin:74 - create IPUIPlugin
2024-04-26 22:26:10,692 [INFO] PluginManager:213 - loadIPPluginJar : add quadspi
2024-04-26 22:26:10,693 [INFO] IPUIPlugin:74 - create IPUIPlugin
2024-04-26 22:26:10,693 [INFO] PluginManager:213 - loadIPPluginJar : add aes
2024-04-26 22:26:10,695 [INFO] IPUIPlugin:74 - create IPUIPlugin
2024-04-26 22:26:10,695 [INFO] PluginManager:213 - loadIPPluginJar : add pdm2pcm
2024-04-26 22:26:10,696 [INFO] IPUIPlugin:74 - create IPUIPlugin
2024-04-26 22:26:10,696 [INFO] PluginManager:213 - loadIPPluginJar : add hash
2024-04-26 22:26:10,697 [INFO] IPUIPlugin:74 - create IPUIPlugin
2024-04-26 22:26:10,697 [INFO] PluginManager:213 - loadIPPluginJar : add tim
2024-04-26 22:26:10,698 [INFO] IPUIPlugin:74 - create IPUIPlugin
2024-04-26 22:26:10,698 [INFO] PluginManager:213 - loadIPPluginJar : add tsc
2024-04-26 22:26:10,699 [INFO] IPUIPlugin:74 - create IPUIPlugin
2024-04-26 22:26:10,699 [INFO] PluginManager:213 - loadIPPluginJar : add ts
2024-04-26 22:26:10,700 [INFO] IPUIPlugin:74 - create IPUIPlugin
2024-04-26 22:26:10,707 [INFO] PluginManager:213 - loadIPPluginJar : add can
2024-04-26 22:26:10,711 [INFO] IPUIPlugin:74 - create IPUIPlugin
2024-04-26 22:26:10,711 [INFO] PluginManager:213 - loadIPPluginJar : add dma3
2024-04-26 22:26:10,713 [INFO] IPUIPlugin:74 - create IPUIPlugin
2024-04-26 22:26:10,713 [INFO] PluginManager:213 - loadIPPluginJar : add dfsdm
2024-04-26 22:26:10,714 [INFO] IPUIPlugin:74 - create IPUIPlugin
2024-04-26 22:26:10,715 [INFO] PluginManager:213 - loadIPPluginJar : add spi
2024-04-26 22:26:10,716 [INFO] IPUIPlugin:74 - create IPUIPlugin
2024-04-26 22:26:10,716 [INFO] PluginManager:213 - loadIPPluginJar : add gfxmmu
2024-04-26 22:26:10,717 [INFO] IPUIPlugin:74 - create IPUIPlugin
2024-04-26 22:26:10,717 [INFO] PluginManager:213 - loadIPPluginJar : add genericplugin
2024-04-26 22:26:10,718 [INFO] IPUIPlugin:74 - create IPUIPlugin
2024-04-26 22:26:10,719 [INFO] PluginManager:213 - loadIPPluginJar : add cryp
2024-04-26 22:26:10,721 [INFO] IPUIPlugin:74 - create IPUIPlugin
2024-04-26 22:26:10,721 [INFO] PluginManager:213 - loadIPPluginJar : add gpio
2024-04-26 22:26:10,722 [INFO] IPUIPlugin:74 - create IPUIPlugin
2024-04-26 22:26:10,722 [INFO] PluginManager:213 - loadIPPluginJar : add comp
2024-04-26 22:26:10,723 [INFO] IPUIPlugin:74 - create IPUIPlugin
2024-04-26 22:26:10,723 [INFO] PluginManager:213 - loadIPPluginJar : add tracer_emb
2024-04-26 22:26:10,725 [INFO] IPUIPlugin:74 - create IPUIPlugin
2024-04-26 22:26:10,726 [INFO] PluginManager:213 - loadIPPluginJar : add openamp
2024-04-26 22:26:10,728 [INFO] IPUIPlugin:74 - create IPUIPlugin
2024-04-26 22:26:10,728 [INFO] PluginManager:213 - loadIPPluginJar : add stm32_wpan
2024-04-26 22:26:10,732 [INFO] IPUIPlugin:74 - create IPUIPlugin
2024-04-26 22:26:10,737 [INFO] PluginManager:213 - loadIPPluginJar : add plateformsettings
2024-04-26 22:26:10,740 [INFO] IPUIPlugin:74 - create IPUIPlugin
2024-04-26 22:26:10,740 [INFO] PluginManager:213 - loadIPPluginJar : add ipddr
2024-04-26 22:26:10,742 [INFO] IPUIPlugin:74 - create IPUIPlugin
2024-04-26 22:26:10,742 [INFO] PluginManager:213 - loadIPPluginJar : add usart
2024-04-26 22:26:10,742 [INFO] IPUIPlugin:74 - create IPUIPlugin
2024-04-26 22:26:10,743 [INFO] PluginManager:213 - loadIPPluginJar : add ltdc
2024-04-26 22:26:10,745 [INFO] IPUIPlugin:74 - create IPUIPlugin
2024-04-26 22:26:10,745 [INFO] PluginManager:213 - loadIPPluginJar : add nvic
2024-04-26 22:26:10,746 [INFO] IPUIPlugin:74 - create IPUIPlugin
2024-04-26 22:26:10,746 [INFO] PluginManager:213 - loadIPPluginJar : add fatfs
2024-04-26 22:26:10,750 [INFO] IPUIPlugin:74 - create IPUIPlugin
2024-04-26 22:26:10,750 [INFO] PluginManager:213 - loadIPPluginJar : add linkedlist
2024-04-26 22:26:10,753 [INFO] IPUIPlugin:74 - create IPUIPlugin
2024-04-26 22:26:10,754 [INFO] PluginManager:213 - loadIPPluginJar : add dma
2024-04-26 22:26:10,756 [INFO] IPUIPlugin:74 - create IPUIPlugin
2024-04-26 22:26:10,756 [INFO] PluginManager:213 - loadIPPluginJar : add fmc
2024-04-26 22:26:10,757 [INFO] IPUIPlugin:74 - create IPUIPlugin
2024-04-26 22:26:10,757 [INFO] PluginManager:213 - loadIPPluginJar : add i2s
2024-04-26 22:26:10,758 [INFO] IPUIPlugin:74 - create IPUIPlugin
2024-04-26 22:26:10,759 [INFO] PluginManager:213 - loadIPPluginJar : add ucpd
2024-04-26 22:26:10,761 [INFO] IPUIPlugin:74 - create IPUIPlugin
2024-04-26 22:26:10,761 [INFO] PluginManager:213 - loadIPPluginJar : add lorawan
2024-04-26 22:26:10,763 [INFO] IPUIPlugin:74 - create IPUIPlugin
2024-04-26 22:26:10,763 [INFO] PluginManager:213 - loadIPPluginJar : add opamp
2024-04-26 22:26:10,765 [INFO] IPUIPlugin:74 - create IPUIPlugin
2024-04-26 22:26:10,765 [INFO] PluginManager:213 - loadIPPluginJar : add touchsensing
2024-04-26 22:26:10,766 [INFO] IPUIPlugin:74 - create IPUIPlugin
2024-04-26 22:26:10,767 [INFO] PluginManager:213 - loadIPPluginJar : add i2c
2024-04-26 22:26:10,768 [INFO] IPUIPlugin:74 - create IPUIPlugin
2024-04-26 22:26:10,768 [INFO] PluginManager:213 - loadIPPluginJar : add resmgrutility
2024-04-26 22:26:10,770 [INFO] IPUIPlugin:74 - create IPUIPlugin
2024-04-26 22:26:10,771 [INFO] PluginManager:213 - loadIPPluginJar : add sai
2024-04-26 22:26:10,773 [INFO] IPUIPlugin:74 - create IPUIPlugin
2024-04-26 22:26:10,773 [INFO] PluginManager:213 - loadIPPluginJar : add usbx
2024-04-26 22:26:11,133 [FATAL] Updater:294 - Updater called before beeing initialized
2024-04-26 22:26:11,252 [FATAL] Updater:294 - Updater called before beeing initialized
2024-04-26 22:26:11,257 [INFO] DbMcusAds:47 - JSON generation date=Thu Sep 30 01:55:09 CDT 2021 (1632984909247)
2024-04-26 22:26:11,257 [FATAL] Updater:294 - Updater called before beeing initialized
2024-04-26 22:26:11,704 [WARN] DetailPanel:314 - Failed to get advertising image, set to default
2024-04-26 22:26:11,788 [FATAL] Updater:294 - Updater called before beeing initialized
2024-04-26 22:26:11,791 [FATAL] Updater:294 - Updater called before beeing initialized
2024-04-26 22:26:11,792 [FATAL] Updater:294 - Updater called before beeing initialized
2024-04-26 22:26:11,793 [WARN] DetailPanel:314 - Failed to get advertising image, set to default
2024-04-26 22:26:11,795 [FATAL] Updater:294 - Updater called before beeing initialized
2024-04-26 22:26:11,853 [ERROR] Updater:1075 - MainUpdater not yet initialized. External WinMGr cannot be set.
2024-04-26 22:26:11,888 [INFO] Updater:1012 - Updater Version found : 6.3.0
2024-04-26 22:26:11,899 [INFO] ApplicationProperties:181 - Using Application install path: /Applications/STM32CubeIDE.app/Contents/Eclipse/plugins/com.st.stm32cube.common.mx_6.3.0.202107141111
2024-04-26 22:26:12,564 [INFO] ThirdPartyUpdaterWithRetryManager:66 - Updater plugin not ready yet. [2/15]
2024-04-26 22:26:12,577 [INFO] MainUpdater:2671 - connection check result : 10
2024-04-26 22:26:12,580 [INFO] MainUpdater:3359 - Updater definition file requires update
2024-04-26 22:26:12,581 [INFO] MainUpdater:265 - Updater Check For Update Now.
2024-04-26 22:26:12,583 [INFO] MicroXplorer:478 - Change Database Version : DB.6.0.30
2024-04-26 22:26:12,710 [INFO] ServerAccessManage:362 - Download File updaters.zip
2024-04-26 22:26:12,791 [INFO] FileExtend:235 - Unzip File : updaters.zip
2024-04-26 22:26:12,791 [INFO] FileExtend:250 - Standard Zip Deflate
2024-04-26 22:26:13,340 [INFO] ServerAccessManage:362 - Download File PacksControlFlags.xml
2024-04-26 22:26:13,586 [INFO] ServerAccessManage:362 - Download File cubemx.pidx
2024-04-26 22:26:14,437 [INFO] ServerAccessManage:362 - Download File STMicroelectronics.FP-ATR-ASTRA1.pdsc
2024-04-26 22:26:15,577 [WARN] MainUpdater:1122 - Updater busy. Cannot search thirdparties
2024-04-26 22:26:15,580 [INFO] ThirdPartyUpdaterWithRetryManager:92 - Updater plugin is busy. [1/15]
2024-04-26 22:26:17,313 [INFO] ServerAccessManage:362 - Download File STMicroelectronics.FP-SNS-FLIGHT1.pdsc
2024-04-26 22:26:18,585 [WARN] MainUpdater:1122 - Updater busy. Cannot search thirdparties
2024-04-26 22:26:18,585 [INFO] ThirdPartyUpdaterWithRetryManager:92 - Updater plugin is busy. [2/15]
2024-04-26 22:26:19,272 [INFO] ServerAccessManage:362 - Download File STMicroelectronics.FP-SNS-MOTENV1.pdsc
2024-04-26 22:26:20,023 [INFO] ServerAccessManage:362 - Download File STMicroelectronics.FP-SNS-MOTENVWB1.pdsc
2024-04-26 22:26:20,866 [INFO] ServerAccessManage:362 - Download File STMicroelectronics.FP-SNS-SMARTAG2.pdsc
2024-04-26 22:26:21,591 [WARN] MainUpdater:1122 - Updater busy. Cannot search thirdparties
2024-04-26 22:26:21,591 [INFO] ThirdPartyUpdaterWithRetryManager:92 - Updater plugin is busy. [3/15]
2024-04-26 22:26:22,772 [INFO] MainUpdater:2671 - connection check result : 10
2024-04-26 22:26:22,892 [INFO] ServerAccessManage:362 - Download File STMicroelectronics.X-CUBE-AI.pdsc
2024-04-26 22:26:24,597 [WARN] MainUpdater:1122 - Updater busy. Cannot search thirdparties
2024-04-26 22:26:24,600 [INFO] ThirdPartyUpdaterWithRetryManager:92 - Updater plugin is busy. [4/15]
2024-04-26 22:26:27,605 [WARN] MainUpdater:1122 - Updater busy. Cannot search thirdparties
2024-04-26 22:26:27,607 [INFO] ThirdPartyUpdaterWithRetryManager:92 - Updater plugin is busy. [5/15]
2024-04-26 22:26:27,699 [INFO] ServerAccessManage:362 - Download File STMicroelectronics.X-CUBE-BLE1.pdsc
2024-04-26 22:26:30,612 [WARN] MainUpdater:1122 - Updater busy. Cannot search thirdparties
2024-04-26 22:26:30,618 [INFO] ThirdPartyUpdaterWithRetryManager:92 - Updater plugin is busy. [6/15]
2024-04-26 22:26:33,620 [WARN] MainUpdater:1122 - Updater busy. Cannot search thirdparties
2024-04-26 22:26:33,621 [INFO] ThirdPartyUpdaterWithRetryManager:92 - Updater plugin is busy. [7/15]
2024-04-26 22:26:33,935 [INFO] McuFinderGlobals:52 - Set McuFinderConnectedMode to false
2024-04-26 22:26:34,098 [INFO] CrossSelectorPresenter:1330 - Cross Selector saved comparison directory: /Users/johnmundahl/.stmcufinder/plugins/mcufinder/mcu/cs_comparisons_mx
2024-04-26 22:26:34,104 [INFO] MultiScanPanel:197 - Auto-refresh data requested => check proxy status ongoing
2024-04-26 22:26:34,104 [INFO] MultiScanPanel:201 - Proxy status is invalid
2024-04-26 22:26:34,107 [INFO] FinderPluginLoader:87 - Searching for filters in installed packs
2024-04-26 22:26:34,109 [INFO] DbMcusXml:100 - Load MCU database from /Applications/STM32CubeIDE.app/Contents/Eclipse/plugins/com.st.stm32cube.common.mx_6.3.0.202107141111//db//mcu/families.xml
2024-04-26 22:26:34,947 [INFO] DbMcusJson:93 - JSON generation date=Tue Nov 16 10:17:54 CST 2021 (1637079474)
2024-04-26 22:26:35,672 [INFO] DbMcus:175 - Found 1951 MCUs (1903 are supported by CubeMX, 1914 are visible in CubeMX)
2024-04-26 22:26:35,680 [INFO] ApiDb:251 - Load user favorites file /Users/johnmundahl/.stm32cubeide/favorites.mcus.txt: 1 item(s)
2024-04-26 22:26:35,681 [INFO] ApiDb:255 - User favorites MCUs=[STM32F750N8Hx]
2024-04-26 22:26:35,681 [INFO] DbMcus:187 - Set 1 / 1 favorites MCUs
2024-04-26 22:26:36,254 [INFO] DetailPanel:309 - Set advertising image to /Users/johnmundahl/STM32Cube/Repository//en.Prom_NBSTM32U50921.jpg
2024-04-26 22:26:36,627 [WARN] MainUpdater:1122 - Updater busy. Cannot search thirdparties
2024-04-26 22:26:36,631 [INFO] ThirdPartyUpdaterWithRetryManager:92 - Updater plugin is busy. [8/15]
2024-04-26 22:26:36,746 [INFO] DbBoardsPdsc:90 - Found 9 items
2024-04-26 22:26:36,749 [INFO] DbBoardsPdsc:90 - Found 5 items
2024-04-26 22:26:36,751 [INFO] DbBoardsPdsc:90 - Found 2 items
2024-04-26 22:26:36,757 [INFO] DbBoardsPdsc:90 - Found 48 items
2024-04-26 22:26:36,777 [INFO] DbBoardsPdsc:90 - Found 25 items
2024-04-26 22:26:36,782 [INFO] DbBoardsPdsc:90 - Found 1 items
2024-04-26 22:26:36,790 [INFO] DbBoardsPdsc:90 - Found 43 items
2024-04-26 22:26:36,799 [INFO] DbBoardsPdsc:90 - Found 33 items
2024-04-26 22:26:36,803 [WARN] DbBoardsPdsc:254 - Board STM32H7B3I-DK: unknown feature type=Audio, name=, username=Audio stereo codec with Headphone Amp (CS42L51-CNZ), n=1
2024-04-26 22:26:36,807 [WARN] DbBoardsPdsc:254 - Board STM32H735G-DK: unknown feature type=Audio, name=, username=Audio stereo codec with Headphone Amp (WM8994ECS/R), n=1
2024-04-26 22:26:36,812 [WARN] DbBoardsPdsc:254 - Board STM32H7B3I-EVAL: unknown feature type=Audio, name=, username=Multi-Channel Audio Codec (CS42L51-CNZ), n=1
2024-04-26 22:26:36,812 [WARN] DbBoardsPdsc:254 - Board STM32H7B3I-EVAL: unknown feature type=Meter, name=, username=Power-metering and Temperature-monitoring with sigma-delta modulators, n=1
2024-04-26 22:26:36,812 [WARN] DbBoardsPdsc:254 - Board STM32H7B3I-EVAL: unknown feature type=Motor, name=, username=Motor Control, n=1
2024-04-26 22:26:36,813 [WARN] DbBoardsPdsc:254 - Board STM32U575I-EV: unknown feature type=joystick, name=, username=4-direction joystick with selection button, n=1
2024-04-26 22:26:36,836 [INFO] DbBoardsJson:86 - JSON generation date=Tue Nov 16 10:17:54 CST 2021 (1637079474)
2024-04-26 22:26:36,844 [INFO] DbBoards:117 - Found 167 boards (163 are supported by CubeMX)
2024-04-26 22:26:36,845 [INFO] DbBoardsDocs:143 - JSON generation date=Tue Nov 16 10:17:54 CST 2021 (1637079474)
2024-04-26 22:26:36,849 [INFO] DbBoardsDocs:79 - Found 209 boards documents
2024-04-26 22:26:36,849 [WARN] DbBoards:127 - board B-L475E-IOT01A2 has no document id list !
2024-04-26 22:26:36,850 [WARN] DbBoards:127 - board NUCLEO-H743ZI has no document id list !
2024-04-26 22:26:36,850 [WARN] DbBoards:127 - board NUCLEO-WL55JC2 has no document id list !
2024-04-26 22:26:36,850 [WARN] DbBoards:127 - board P-NUCLEO-WB55-Nucleo has no document id list !
2024-04-26 22:26:36,850 [WARN] DbBoards:127 - board P-NUCLEO-WB55-USBDongle has no document id list !
2024-04-26 22:26:36,850 [WARN] DbBoards:127 - board STEVAL-BFA001V1B has no document id list !
2024-04-26 22:26:36,850 [WARN] DbBoards:127 - board STEVAL-BFA001V2B has no document id list !
2024-04-26 22:26:36,850 [WARN] DbBoards:127 - board STEVAL-IDP005V1 has no document id list !
2024-04-26 22:26:36,850 [WARN] DbBoards:127 - board STEVAL-IDP005V2 has no document id list !
2024-04-26 22:26:36,850 [WARN] DbBoards:127 - board STEVAL-MKSBOX1V1 has no document id list !
2024-04-26 22:26:36,850 [WARN] DbBoards:127 - board STEVAL-STWINKT1 has no document id list !
2024-04-26 22:26:36,850 [WARN] DbBoards:127 - board STEVAL-STWINKT1B has no document id list !
2024-04-26 22:26:36,851 [WARN] DbBoards:127 - board STM32439I-EVAL2 has no document id list !
2024-04-26 22:26:36,851 [WARN] DbBoards:127 - board STM32F401C-DISCO has no document id list !
2024-04-26 22:26:36,851 [WARN] DbBoards:127 - board STM32F769I-DISC1 has no document id list !
2024-04-26 22:26:36,851 [WARN] DbBoards:127 - board STM32G474E-EVAL1 has no document id list !
2024-04-26 22:26:36,851 [WARN] DbBoards:127 - board STM32H743I-EVAL2 has no document id list !
2024-04-26 22:26:36,851 [WARN] DbBoards:127 - board STM32H747I-DISC1 has no document id list !
2024-04-26 22:26:36,851 [WARN] DbBoards:127 - board STM32H753I-EVAL2 has no document id list !
2024-04-26 22:26:36,852 [WARN] DbBoards:127 - board STM32L-DISCOVERY has no document id list !
2024-04-26 22:26:37,150 [ERROR] DbBoards:189 - Image file not found for board B-U585I-IOT02A: /Applications/STM32CubeIDE.app/Contents/Eclipse/plugins/com.st.stm32cube.common.mx_6.3.0.202107141111//db//plugins/mcufinder/images/boards/B-U585I-IOT02A_small.jpg
2024-04-26 22:26:37,329 [ERROR] DbBoards:189 - Image file not found for board NUCLEO-F413ZH: /Applications/STM32CubeIDE.app/Contents/Eclipse/plugins/com.st.stm32cube.common.mx_6.3.0.202107141111//db//plugins/mcufinder/images/boards/nucleo-f413zh_small.jpg
2024-04-26 22:26:37,463 [ERROR] DbBoards:189 - Image file not found for board NUCLEO-L552ZE-Q: /Applications/STM32CubeIDE.app/Contents/Eclipse/plugins/com.st.stm32cube.common.mx_6.3.0.202107141111//db//plugins/mcufinder/images/boards/nucleo_l552ze_q_small.jpg
2024-04-26 22:26:37,463 [ERROR] DbBoards:189 - Image file not found for board NUCLEO-U575ZI-Q: /Applications/STM32CubeIDE.app/Contents/Eclipse/plugins/com.st.stm32cube.common.mx_6.3.0.202107141111//db//plugins/mcufinder/images/boards/nucleo-u575zi-q_small.jpg
2024-04-26 22:26:37,463 [ERROR] DbBoards:189 - Image file not found for board NUCLEO-WB15CC: /Applications/STM32CubeIDE.app/Contents/Eclipse/plugins/com.st.stm32cube.common.mx_6.3.0.202107141111//db//plugins/mcufinder/images/boards/nucleo-wb15cc_small.jpg
2024-04-26 22:26:37,463 [ERROR] DbBoards:189 - Image file not found for board NUCLEO-WB55RG: /Applications/STM32CubeIDE.app/Contents/Eclipse/plugins/com.st.stm32cube.common.mx_6.3.0.202107141111//db//plugins/mcufinder/images/boards/nucleo-wb55rg_small.jpg
2024-04-26 22:26:38,271 [INFO] ApiDb:251 - Load user favorites file /Users/johnmundahl/.stm32cubeide/favorites.boards.txt: 0 item(s)
2024-04-26 22:26:38,274 [INFO] ApiDb:255 - User favorites Boards=[]
2024-04-26 22:26:38,275 [INFO] DbBoards:206 - Set 0 / 0 favorites Boards
2024-04-26 22:26:38,693 [ERROR] ServerAccessManage:974 - Problem, file not found on Server
2024-04-26 22:26:39,100 [INFO] ServerAccessManage:362 - Download File STMicroelectronics.X-CUBE-BLEMGR.pdsc
2024-04-26 22:26:39,633 [WARN] MainUpdater:1122 - Updater busy. Cannot search thirdparties
2024-04-26 22:26:39,634 [INFO] ThirdPartyUpdaterWithRetryManager:92 - Updater plugin is busy. [9/15]
2024-04-26 22:26:41,304 [INFO] ServerAccessManage:362 - Download File STMicroelectronics.X-CUBE-DISPLAY.pdsc
2024-04-26 22:26:42,639 [WARN] MainUpdater:1122 - Updater busy. Cannot search thirdparties
2024-04-26 22:26:42,640 [INFO] ThirdPartyUpdaterWithRetryManager:92 - Updater plugin is busy. [10/15]
2024-04-26 22:26:45,644 [WARN] MainUpdater:1122 - Updater busy. Cannot search thirdparties
2024-04-26 22:26:45,647 [INFO] ThirdPartyUpdaterWithRetryManager:92 - Updater plugin is busy. [11/15]
2024-04-26 22:26:46,574 [INFO] ServerAccessManage:362 - Download File STMicroelectronics.X-CUBE-EEPRMA1.pdsc
2024-04-26 22:26:48,382 [ERROR] ServerAccessManage:974 - Problem, file not found on Server
2024-04-26 22:26:48,650 [WARN] MainUpdater:1122 - Updater busy. Cannot search thirdparties
2024-04-26 22:26:48,652 [INFO] ThirdPartyUpdaterWithRetryManager:92 - Updater plugin is busy. [12/15]
2024-04-26 22:26:50,662 [ERROR] ServerAccessManage:974 - Problem, file not found on Server
2024-04-26 22:26:50,694 [INFO] MultiScanPanel:197 - Auto-refresh data requested => check proxy status ongoing
2024-04-26 22:26:50,695 [INFO] MultiScanPanel:201 - Proxy status is invalid
2024-04-26 22:26:50,917 [INFO] DetailPanel:309 - Set advertising image to /Users/johnmundahl/STM32Cube/Repository//en.Prom_NBSTM32U50921.jpg
2024-04-26 22:26:51,653 [WARN] MainUpdater:1122 - Updater busy. Cannot search thirdparties
2024-04-26 22:26:51,659 [INFO] ThirdPartyUpdaterWithRetryManager:92 - Updater plugin is busy. [13/15]
2024-04-26 22:26:52,394 [INFO] ServerAccessManage:362 - Download File STMicroelectronics.X-CUBE-FREERTOS.pdsc
2024-04-26 22:26:54,418 [INFO] ServerAccessManage:362 - Download File STMicroelectronics.X-CUBE-ISPU.pdsc
2024-04-26 22:26:54,663 [WARN] MainUpdater:1122 - Updater busy. Cannot search thirdparties
2024-04-26 22:26:54,664 [INFO] ThirdPartyUpdaterWithRetryManager:92 - Updater plugin is busy. [14/15]
2024-04-26 22:26:56,520 [INFO] ServerAccessManage:362 - Download File STMicroelectronics.X-CUBE-MEMS1.pdsc
2024-04-26 22:26:57,665 [WARN] MainUpdater:1122 - Updater busy. Cannot search thirdparties
2024-04-26 22:26:57,670 [INFO] ThirdPartyUpdaterWithRetryManager:92 - Updater plugin is busy. [15/15]
2024-04-26 22:26:57,673 [ERROR] IntegrityCheckThread:124 - Cannot retrieve database content from updater: error -1
2024-04-26 22:26:57,674 [INFO] ThirdParty:915 - Integrity check success = false
2024-04-26 22:26:57,674 [INFO] IntegrityCheckThread:94 - exiting critical section [integrity check]
2024-04-26 22:26:57,674 [INFO] IntegrityCheckThread:97 - End integrity checks thread
2024-04-26 22:27:15,239 [INFO] ServerAccessManage:362 - Download File STMicroelectronics.X-CUBE-NFC4.pdsc
2024-04-26 22:27:22,858 [INFO] ServerAccessManage:362 - Download File STMicroelectronics.X-CUBE-NFC6.pdsc
2024-04-26 22:27:24,636 [INFO] ServerAccessManage:362 - Download File STMicroelectronics.X-CUBE-NFC7.pdsc
2024-04-26 22:27:25,617 [INFO] ServerAccessManage:362 - Download File STMicroelectronics.X-CUBE-SAFEA1.pdsc
2024-04-26 22:27:26,579 [INFO] ServerAccessManage:362 - Download File STMicroelectronics.X-CUBE-SMBUS.pdsc
2024-04-26 22:27:28,632 [ERROR] ServerAccessManage:974 - Problem, file not found on Server
2024-04-26 22:27:28,806 [INFO] ServerAccessManage:362 - Download File STMicroelectronics.X-CUBE-TCPP.pdsc
2024-04-26 22:27:29,189 [INFO] ServerAccessManage:362 - Download File STMicroelectronics.X-CUBE-TOF1.pdsc
2024-04-26 22:27:31,198 [ERROR] ServerAccessManage:974 - Problem, file not found on Server
2024-04-26 22:27:32,003 [INFO] ServerAccessManage:362 - Download File STMicroelectronics.X-CUBE-TOUCHGFX.pdsc
2024-04-26 22:27:36,854 [INFO] ServerAccessManage:362 - Download File STMicroelectronics.X-CUBE-AZRTOS-H7.pdsc
2024-04-26 22:27:38,846 [INFO] ServerAccessManage:362 - Download File STMicroelectronics.X-CUBE-AZRTOS-H7RS.pdsc
2024-04-26 22:27:39,930 [INFO] ServerAccessManage:362 - Download File STMicroelectronics.X-CUBE-AZRTOS-L4.pdsc
2024-04-26 22:27:41,883 [INFO] ServerAccessManage:362 - Download File STMicroelectronics.X-CUBE-AZRTOS-L5.pdsc
2024-04-26 22:27:44,896 [INFO] ServerAccessManage:362 - Download File STMicroelectronics.X-CUBE-AZRTOS-G4.pdsc
2024-04-26 22:27:46,966 [INFO] ServerAccessManage:362 - Download File STMicroelectronics.X-CUBE-AZRTOS-WB.pdsc
2024-04-26 22:27:48,679 [INFO] ServerAccessManage:362 - Download File STMicroelectronics.X-CUBE-AZRTOS-WL.pdsc
2024-04-26 22:27:52,069 [INFO] ServerAccessManage:362 - Download File SEGGER.I-CUBE-embOS.pdsc
2024-04-26 22:27:54,868 [INFO] ServerAccessManage:362 - Download File WES.I-CUBE-Cesium.pdsc
2024-04-26 22:27:56,104 [ERROR] ServerAccessManage:974 - Problem, file not found on Server
2024-04-26 22:27:56,658 [ERROR] ServerAccessManage:974 - Problem, file not found on Server
2024-04-26 22:27:57,204 [INFO] ServerAccessManage:362 - Download File ITTIA_DB.I-CUBE-ITTIADB.pdsc
2024-04-26 22:27:59,388 [INFO] ServerAccessManage:362 - Download File Infineon.AIROC-Wi-Fi-Bluetooth-STM32.pdsc
2024-04-26 22:28:01,981 [WARN] PackLoader:238 - Cannot read IP mode file for STMicroelectronics.FP-ATR-ASTRA1.2.0.0
2024-04-26 22:28:02,138 [WARN] PopulateThirdPartyThread:100 - Error when creating pack: /Users/johnmundahl/.stm32cubemx/thirdparties/pdsc/STMicroelectronics.FP-SNS-FLIGHT1.pdsc
2024-04-26 22:28:02,140 [WARN] PopulateThirdPartyThread:100 - Error when creating pack: /Users/johnmundahl/.stm32cubemx/thirdparties/pdsc/STMicroelectronics.FP-SNS-MOTENV1.pdsc
2024-04-26 22:28:02,149 [WARN] PopulateThirdPartyThread:100 - Error when creating pack: /Users/johnmundahl/.stm32cubemx/thirdparties/pdsc/STMicroelectronics.FP-SNS-MOTENVWB1.pdsc
2024-04-26 22:28:02,151 [WARN] PopulateThirdPartyThread:100 - Error when creating pack: /Users/johnmundahl/.stm32cubemx/thirdparties/pdsc/STMicroelectronics.FP-SNS-SMARTAG2.pdsc
2024-04-26 22:28:02,159 [WARN] PackLoader:238 - Cannot read IP mode file for STMicroelectronics.X-CUBE-AI.9.0.0
2024-04-26 22:28:02,174 [WARN] PackLoader:238 - Cannot read IP mode file for STMicroelectronics.X-CUBE-BLE1.7.0.0
2024-04-26 22:28:02,185 [WARN] PopulateThirdPartyThread:100 - Error when creating pack: /Users/johnmundahl/.stm32cubemx/thirdparties/pdsc/STMicroelectronics.X-CUBE-BLEMGR.pdsc
2024-04-26 22:28:02,194 [WARN] PopulateThirdPartyThread:100 - Error when creating pack: /Users/johnmundahl/.stm32cubemx/thirdparties/pdsc/STMicroelectronics.X-CUBE-DISPLAY.pdsc
2024-04-26 22:28:02,221 [WARN] PackLoader:238 - Cannot read IP mode file for STMicroelectronics.X-CUBE-EEPRMA1.5.1.0
2024-04-26 22:28:02,251 [WARN] PopulateThirdPartyThread:100 - Error when creating pack: /Users/johnmundahl/.stm32cubemx/thirdparties/pdsc/STMicroelectronics.X-CUBE-FREERTOS.pdsc
2024-04-26 22:28:02,258 [WARN] PackLoader:238 - Cannot read IP mode file for STMicroelectronics.X-CUBE-ISPU.2.0.0
2024-04-26 22:28:02,287 [INFO] CheckServerUpdateThread:112 - End of CheckServer Thread
2024-04-26 22:28:02,423 [WARN] PackLoader:238 - Cannot read IP mode file for STMicroelectronics.X-CUBE-MEMS1.10.0.0
2024-04-26 22:28:02,666 [WARN] PackLoader:238 - Cannot read IP mode file for STMicroelectronics.X-CUBE-NFC4.3.0.0
2024-04-26 22:28:02,687 [WARN] PackLoader:238 - Cannot read IP mode file for STMicroelectronics.X-CUBE-NFC6.3.1.0
2024-04-26 22:28:02,699 [WARN] PackLoader:238 - Cannot read IP mode file for STMicroelectronics.X-CUBE-NFC7.1.0.1
2024-04-26 22:28:02,714 [WARN] PackLoader:238 - Cannot read IP mode file for STMicroelectronics.X-CUBE-SAFEA1.1.2.2
2024-04-26 22:28:02,718 [WARN] PopulateThirdPartyThread:100 - Error when creating pack: /Users/johnmundahl/.stm32cubemx/thirdparties/pdsc/STMicroelectronics.X-CUBE-SMBUS.pdsc
2024-04-26 22:28:02,723 [WARN] PopulateThirdPartyThread:100 - Error when creating pack: /Users/johnmundahl/.stm32cubemx/thirdparties/pdsc/STMicroelectronics.X-CUBE-TCPP.pdsc
2024-04-26 22:28:02,727 [WARN] PopulateThirdPartyThread:100 - Error when creating pack: /Users/johnmundahl/.stm32cubemx/thirdparties/pdsc/STMicroelectronics.X-CUBE-TOF1.pdsc
2024-04-26 22:28:02,734 [WARN] PackLoader:238 - Cannot read IP mode file for STMicroelectronics.X-CUBE-TOUCHGFX.4.23.2
2024-04-26 22:28:02,779 [WARN] PackLoader:238 - Cannot read IP mode file for STMicroelectronics.X-CUBE-AZRTOS-H7.3.2.0
2024-04-26 22:28:02,891 [WARN] PackLoader:238 - Cannot read IP mode file for STMicroelectronics.X-CUBE-AZRTOS-H7RS.1.0.0
2024-04-26 22:28:02,950 [WARN] ConditionMgr:437 - getConditionDescription Invalid condition id : LAN8742 Phy interface Condition cause : null
2024-04-26 22:28:02,952 [WARN] PackLoader:238 - Cannot read IP mode file for STMicroelectronics.X-CUBE-AZRTOS-L4.2.0.0
2024-04-26 22:28:02,959 [WARN] ConditionMgr:1038 - genDependencies : Invalid condition id : LAN8742 Phy interface Condition cause : null
2024-04-26 22:28:02,959 [WARN] ConditionMgr:1038 - genDependencies : Invalid condition id : LAN8742 Phy interface Condition cause : null
2024-04-26 22:28:02,960 [WARN] ConditionMgr:1038 - genDependencies : Invalid condition id : LAN8742 Phy interface Condition cause : null
2024-04-26 22:28:02,996 [WARN] PackLoader:238 - Cannot read IP mode file for STMicroelectronics.X-CUBE-AZRTOS-L5.2.0.0
2024-04-26 22:28:03,023 [WARN] PackLoader:238 - Cannot read IP mode file for STMicroelectronics.X-CUBE-AZRTOS-G4.2.0.0
2024-04-26 22:28:03,050 [WARN] ConditionMgr:437 - getConditionDescription Invalid condition id : UX DEVICE CLASS RTOS Condition cause : null
2024-04-26 22:28:03,050 [WARN] ConditionMgr:437 - getConditionDescription Invalid condition id : UX DEVICE CLASS RTOS Condition cause : null
2024-04-26 22:28:03,056 [WARN] PackLoader:238 - Cannot read IP mode file for STMicroelectronics.X-CUBE-AZRTOS-WB.2.0.0
2024-04-26 22:28:03,057 [WARN] ConditionMgr:1038 - genDependencies : Invalid condition id : UX DEVICE CLASS RTOS Condition cause : null
2024-04-26 22:28:03,057 [WARN] ConditionMgr:1038 - genDependencies : Invalid condition id : UX DEVICE CLASS RTOS Condition cause : null
2024-04-26 22:28:03,058 [WARN] ConditionMgr:1038 - genDependencies : Invalid condition id : UX DEVICE CLASS RTOS Condition cause : null
2024-04-26 22:28:03,058 [WARN] ConditionMgr:1038 - genDependencies : Invalid condition id : UX DEVICE CLASS RTOS Condition cause : null
2024-04-26 22:28:03,058 [WARN] ConditionMgr:1038 - genDependencies : Invalid condition id : UX DEVICE CLASS RTOS Condition cause : null
2024-04-26 22:28:03,074 [INFO] LogOutputStream:76 - [STDOUT_REDIRECT] 1 : Invalid condition id : UX_CORESTACK_Condition cause : null
2024-04-26 22:28:03,081 [INFO] LogOutputStream:76 - [STDOUT_REDIRECT] 1 : Invalid condition id : UX_CORESTACK_Condition cause : null
2024-04-26 22:28:03,081 [INFO] LogOutputStream:76 - [STDOUT_REDIRECT] 1 : Invalid condition id : UX_CORESTACK_Condition cause : null
2024-04-26 22:28:03,082 [INFO] LogOutputStream:76 - [STDOUT_REDIRECT] 1 : Invalid condition id : UX_CORESTACK_Condition cause : null
2024-04-26 22:28:03,082 [INFO] LogOutputStream:76 - [STDOUT_REDIRECT] 1 : Invalid condition id : UX_CORESTACK_Condition cause : null
2024-04-26 22:28:03,091 [WARN] PackLoader:238 - Cannot read IP mode file for STMicroelectronics.X-CUBE-AZRTOS-WL.2.0.0
2024-04-26 22:28:03,137 [WARN] PackLoader:238 - Cannot read IP mode file for SEGGER.I-CUBE-embOS.1.3.1
2024-04-26 22:28:03,199 [WARN] PackLoader:238 - Cannot read IP mode file for WES.I-CUBE-Cesium.1.3.0
2024-04-26 22:28:03,202 [WARN] PopulateThirdPartyThread:100 - Error when creating pack: /Users/johnmundahl/.stm32cubemx/thirdparties/pdsc/ITTIA_DB.I-CUBE-ITTIADB.pdsc
2024-04-26 22:28:03,205 [WARN] PopulateThirdPartyThread:100 - Error when creating pack: /Users/johnmundahl/.stm32cubemx/thirdparties/pdsc/Infineon.AIROC-Wi-Fi-Bluetooth-STM32.pdsc
2024-04-26 22:28:03,205 [INFO] PopulateThirdPartyThread:60 - Ending populate Thread
2024-04-26 22:28:03,211 [INFO] ThirdParty:967 - CMSIS Pack Vendor :STMicroelectronics X-CUBE-AZRTOS-WL 2.0.0
2024-04-26 22:28:03,211 [INFO] ThirdParty:967 - CMSIS Pack Vendor :SEGGER I-CUBE-embOS 1.3.1
2024-04-26 22:28:03,211 [INFO] ThirdParty:967 - CMSIS Pack Vendor :STMicroelectronics X-CUBE-BLE1 7.0.0
2024-04-26 22:28:03,211 [INFO] ThirdParty:967 - CMSIS Pack Vendor :STMicroelectronics X-CUBE-ISPU 2.0.0
2024-04-26 22:28:03,211 [INFO] ThirdParty:967 - CMSIS Pack Vendor :STMicroelectronics X-CUBE-NFC4 3.0.0
2024-04-26 22:28:03,211 [INFO] ThirdParty:967 - CMSIS Pack Vendor :STMicroelectronics X-CUBE-SAFEA1 1.2.2
2024-04-26 22:28:03,211 [INFO] ThirdParty:967 - CMSIS Pack Vendor :STMicroelectronics X-CUBE-AZRTOS-H7RS 1.0.0
2024-04-26 22:28:03,211 [INFO] ThirdParty:967 - CMSIS Pack Vendor :STMicroelectronics X-CUBE-EEPRMA1 5.1.0
2024-04-26 22:28:03,211 [INFO] ThirdParty:967 - CMSIS Pack Vendor :STMicroelectronics X-CUBE-AZRTOS-L4 2.0.0
2024-04-26 22:28:03,211 [INFO] ThirdParty:967 - CMSIS Pack Vendor :STMicroelectronics X-CUBE-AZRTOS-WB 2.0.0
2024-04-26 22:28:03,211 [INFO] ThirdParty:967 - CMSIS Pack Vendor :STMicroelectronics FP-ATR-ASTRA1 2.0.0
2024-04-26 22:28:03,211 [INFO] ThirdParty:967 - CMSIS Pack Vendor :STMicroelectronics X-CUBE-MEMS1 10.0.0
2024-04-26 22:28:03,211 [INFO] ThirdParty:967 - CMSIS Pack Vendor :WES I-CUBE-Cesium 1.3.0
2024-04-26 22:28:03,211 [INFO] ThirdParty:967 - CMSIS Pack Vendor :STMicroelectronics X-CUBE-NFC7 1.0.1
2024-04-26 22:28:03,211 [INFO] ThirdParty:967 - CMSIS Pack Vendor :STMicroelectronics X-CUBE-AI 9.0.0
2024-04-26 22:28:03,211 [INFO] ThirdParty:967 - CMSIS Pack Vendor :STMicroelectronics X-CUBE-TOUCHGFX 4.23.2
2024-04-26 22:28:03,212 [INFO] ThirdParty:967 - CMSIS Pack Vendor :STMicroelectronics X-CUBE-AZRTOS-L5 2.0.0
2024-04-26 22:28:03,213 [INFO] ThirdParty:967 - CMSIS Pack Vendor :STMicroelectronics X-CUBE-AZRTOS-G4 2.0.0
2024-04-26 22:28:03,214 [INFO] ThirdParty:967 - CMSIS Pack Vendor :STMicroelectronics X-CUBE-AZRTOS-H7 3.2.0
2024-04-26 22:28:03,214 [INFO] ThirdParty:967 - CMSIS Pack Vendor :STMicroelectronics X-CUBE-NFC6 3.1.0
2024-04-26 22:28:03,214 [INFO] LoadServerUpdatesThread:339 - End of LoadServerUpdate Thread
